Using pre-set license
Built from '2020.3/staging' branch; Version is '2020.3.14f1 (d0d1bb862f9d) revision 13685179'; Using compiler version '192528614'; Build Type 'Release'
OS: 'Windows 10 Home Single Language; OS build 19042.1110; Version 2009; 64bit' Language: 'fr' Physical Memory: 8044 MB
BatchMode: 1, IsHumanControllingUs: 0, StartBugReporterOnCrash: 0, Is64bit: 1, IsPro: 0

 COMMAND LINE ARGUMENTS:
C:\Program Files\Unity\Hub\Editor\2020.3.14f1\Editor\Unity.exe
-adb2
-batchMode
-noUpm
-name
AssetImportWorker0
-projectPath
C:/Users/medrh/New Unity Project
-logFile
Logs/AssetImportWorker0.log
-srvPort
52004
Successfully changed project path to: C:/Users/medrh/New Unity Project
C:/Users/medrh/New Unity Project
Using Asset Import Pipeline V2.
Refreshing native plugins compatible for Editor in 71.38 ms, found 5 plugins.
Preloading 0 native plugins for Editor in 0.00 ms.
Initialize engine version: 2020.3.14f1 (d0d1bb862f9d)
[Subsystems] Discovering subsystems at path C:/Program Files/Unity/Hub/Editor/2020.3.14f1/Editor/Data/Resources/UnitySubsystems
[Subsystems] Discovering subsystems at path C:/Users/medrh/New Unity Project/Assets
GfxDevice: creating device client; threaded=0
Direct3D:
    Version:  Direct3D 11.0 [level 11.1]
    Renderer: NVIDIA GeForce GTX 1650 (ID=0x1f91)
    Vendor:   
    VRAM:     3964 MB
    Driver:   27.21.14.6231
Initialize mono
Mono path[0] = 'C:/Program Files/Unity/Hub/Editor/2020.3.14f1/Editor/Data/Managed'
Mono path[1] = 'C:/Program Files/Unity/Hub/Editor/2020.3.14f1/Editor/Data/MonoBleedingEdge/lib/mono/unityjit'
Mono config path = 'C:/Program Files/Unity/Hub/Editor/2020.3.14f1/Editor/Data/MonoBleedingEdge/etc'
Using monoOptions --debugger-agent=transport=dt_socket,embedding=1,server=y,suspend=n,address=127.0.0.1:56060
Begin MonoManager ReloadAssembly
Registering precompiled unity dll's ...
Register platform support module: C:/Program Files/Unity/Hub/Editor/2020.3.14f1/Editor/Data/PlaybackEngines/WindowsStandaloneSupport/UnityEditor.WindowsStandalone.Extensions.dll
Registered in 0.004725 seconds.
Native extension for WindowsStandalone target not found
Refreshing native plugins compatible for Editor in 55.11 ms, found 5 plugins.
Preloading 0 native plugins for Editor in 0.00 ms.
Mono: successfully reloaded assembly
- Completed reload, in  2.733 seconds
Domain Reload Profiling:
	ReloadAssembly (2734ms)
		BeginReloadAssembly (158ms)
			ExecutionOrderSort (0ms)
			DisableScriptedObjects (0ms)
			BackupInstance (0ms)
			ReleaseScriptingObjects (0ms)
			CreateAndSetChildDomain (2ms)
		EndReloadAssembly (940ms)
			LoadAssemblies (152ms)
			RebuildTransferFunctionScriptingTraits (0ms)
			SetupTypeCache (396ms)
			ReleaseScriptCaches (0ms)
			RebuildScriptCaches (50ms)
			SetupLoadedEditorAssemblies (326ms)
				LogAssemblyErrors (0ms)
				InitializePlatformSupportModulesInManaged (6ms)
				SetLoadedEditorAssemblies (0ms)
				RefreshPlugins (56ms)
				BeforeProcessingInitializeOnLoad (35ms)
				ProcessInitializeOnLoadAttributes (183ms)
				ProcessInitializeOnLoadMethodAttributes (45ms)
				AfterProcessingInitializeOnLoad (0ms)
				EditorAssembliesLoaded (0ms)
			ExecutionOrderSort2 (0ms)
			AwakeInstancesAfterBackupRestoration (0ms)
Platform modules already initialized, skipping
Registering precompiled user dll's ...
Registered in 0.012906 seconds.
Begin MonoManager ReloadAssembly
Native extension for WindowsStandalone target not found
Refreshing native plugins compatible for Editor in 61.67 ms, found 5 plugins.
Preloading 0 native plugins for Editor in 0.00 ms.
Mono: successfully reloaded assembly
- Completed reload, in  2.477 seconds
Domain Reload Profiling:
	ReloadAssembly (2478ms)
		BeginReloadAssembly (385ms)
			ExecutionOrderSort (0ms)
			DisableScriptedObjects (10ms)
			BackupInstance (0ms)
			ReleaseScriptingObjects (0ms)
			CreateAndSetChildDomain (37ms)
		EndReloadAssembly (1961ms)
			LoadAssemblies (180ms)
			RebuildTransferFunctionScriptingTraits (0ms)
			SetupTypeCache (709ms)
			ReleaseScriptCaches (1ms)
			RebuildScriptCaches (125ms)
			SetupLoadedEditorAssemblies (657ms)
				LogAssemblyErrors (0ms)
				InitializePlatformSupportModulesInManaged (7ms)
				SetLoadedEditorAssemblies (0ms)
				RefreshPlugins (62ms)
				BeforeProcessingInitializeOnLoad (183ms)
				ProcessInitializeOnLoadAttributes (383ms)
				ProcessInitializeOnLoadMethodAttributes (6ms)
				AfterProcessingInitializeOnLoad (15ms)
				EditorAssembliesLoaded (0ms)
			ExecutionOrderSort2 (0ms)
			AwakeInstancesAfterBackupRestoration (11ms)
Platform modules already initialized, skipping
========================================================================
Worker process is ready to serve import requests
Launched and connected shader compiler UnityShaderCompiler.exe after 0.14 seconds
Refreshing native plugins compatible for Editor in 0.39 ms, found 5 plugins.
Preloading 0 native plugins for Editor in 0.00 ms.
Unloading 1456 Unused Serialized files (Serialized files now loaded: 0)
System memory in use before: 68.8 MB.
System memory in use after: 68.8 MB.

Unloading 25 unused Assets to reduce memory usage. Loaded Objects now: 1889.
Total: 3.126700 ms (FindLiveObjects: 0.316200 ms CreateObjectMapping: 0.182900 ms MarkObjects: 2.402600 ms  DeleteObjects: 0.223500 ms)

AssetImportParameters requested are different than current active one (requested -> active):
  custom:framework-win-MediaFoundation: 216162199b28c13a410421893ffa2e32 -> 
  custom:video-decoder-ogg-theora: a1e56fd34408186e4bbccfd4996cb3dc -> 
  custom:container-muxer-webm: aa71ff27fc2769a1b78a27578f13a17b -> 
  custom:container-demuxer-webm: 4f35f7cbe854078d1ac9338744f61a02 -> 
  custom:container-demuxer-ogg: 62fdf1f143b41e24485cea50d1cbac27 -> 
  custom:video-encoder-webm-vp8: eb34c28f22e8b96e1ab97ce403110664 -> 
  custom:video-decoder-webm-vp8: 9c59270c3fd7afecdb556c50c9e8de78 -> 
  custom:audio-decoder-ogg-vorbis: bf7c407c2cedff20999df2af8eb42d56 -> 
  custom:audio-encoder-webm-vorbis: bf7c407c2cedff20999df2af8eb42d56 -> 
========================================================================
Received Import Request.
  path: Assets/logo2.png
  artifactKey: Guid(544ee70732558454f8e5e9f40a431bcf) Importer(815301076,1909f56bfc062723c751e8b465ee728b)
Start importing Assets/logo2.png using Guid(544ee70732558454f8e5e9f40a431bcf) Importer(815301076,1909f56bfc062723c751e8b465ee728b)  -> (artifact id: '769600b4019feee2e181352de4fd9d01') in 0.249135 seconds 
  Import took 0.252934 seconds .

========================================================================
Received Import Request.
  Time since last request: 20.211548 seconds.
  path: Assets/logo2.png
  artifactKey: Guid(544ee70732558454f8e5e9f40a431bcf) Importer(815301076,1909f56bfc062723c751e8b465ee728b)
Start importing Assets/logo2.png using Guid(544ee70732558454f8e5e9f40a431bcf) Importer(815301076,1909f56bfc062723c751e8b465ee728b)  -> (artifact id: 'edd5db0e7cc0a4b5b42c08331b61831b') in 0.112427 seconds 
  Import took 0.117932 seconds .

========================================================================
Received Prepare
Registering precompiled user dll's ...
Registered in 0.017520 seconds.
Begin MonoManager ReloadAssembly
Native extension for WindowsStandalone target not found
Refreshing native plugins compatible for Editor in 0.86 ms, found 5 plugins.
Preloading 0 native plugins for Editor in 0.00 ms.
Mono: successfully reloaded assembly
- Completed reload, in  2.070 seconds
Domain Reload Profiling:
	ReloadAssembly (2070ms)
		BeginReloadAssembly (264ms)
			ExecutionOrderSort (0ms)
			DisableScriptedObjects (9ms)
			BackupInstance (0ms)
			ReleaseScriptingObjects (0ms)
			CreateAndSetChildDomain (70ms)
		EndReloadAssembly (1665ms)
			LoadAssemblies (235ms)
			RebuildTransferFunctionScriptingTraits (0ms)
			SetupTypeCache (587ms)
			ReleaseScriptCaches (2ms)
			RebuildScriptCaches (77ms)
			SetupLoadedEditorAssemblies (571ms)
				LogAssemblyErrors (0ms)
				InitializePlatformSupportModulesInManaged (13ms)
				SetLoadedEditorAssemblies (1ms)
				RefreshPlugins (1ms)
				BeforeProcessingInitializeOnLoad (192ms)
				ProcessInitializeOnLoadAttributes (337ms)
				ProcessInitializeOnLoadMethodAttributes (8ms)
				AfterProcessingInitializeOnLoad (18ms)
				EditorAssembliesLoaded (0ms)
			ExecutionOrderSort2 (0ms)
			AwakeInstancesAfterBackupRestoration (14ms)
Platform modules already initialized, skipping
Refreshing native plugins compatible for Editor in 0.52 ms, found 5 plugins.
Preloading 0 native plugins for Editor in 0.00 ms.
Unloading 1438 Unused Serialized files (Serialized files now loaded: 0)
System memory in use before: 70.5 MB.
System memory in use after: 70.6 MB.

Unloading 20 unused Assets to reduce memory usage. Loaded Objects now: 1899.
Total: 3.803200 ms (FindLiveObjects: 0.527500 ms CreateObjectMapping: 0.076400 ms MarkObjects: 3.130200 ms  DeleteObjects: 0.067500 ms)

AssetImportParameters requested are different than current active one (requested -> active):
  custom:framework-win-MediaFoundation: 216162199b28c13a410421893ffa2e32 -> 
  custom:video-decoder-ogg-theora: a1e56fd34408186e4bbccfd4996cb3dc -> 
  custom:container-muxer-webm: aa71ff27fc2769a1b78a27578f13a17b -> 
  custom:container-demuxer-webm: 4f35f7cbe854078d1ac9338744f61a02 -> 
  custom:container-demuxer-ogg: 62fdf1f143b41e24485cea50d1cbac27 -> 
  custom:video-encoder-webm-vp8: eb34c28f22e8b96e1ab97ce403110664 -> 
  custom:video-decoder-webm-vp8: 9c59270c3fd7afecdb556c50c9e8de78 -> 
  custom:audio-decoder-ogg-vorbis: bf7c407c2cedff20999df2af8eb42d56 -> 
  custom:audio-encoder-webm-vorbis: bf7c407c2cedff20999df2af8eb42d56 -> 
========================================================================
Received Import Request.
  Time since last request: 567.505811 seconds.
  path: Assets/Materials
  artifactKey: Guid(914a5089c4d725f449529de9cf81ce3f) Importer(815301076,1909f56bfc062723c751e8b465ee728b)
Start importing Assets/Materials using Guid(914a5089c4d725f449529de9cf81ce3f) Importer(815301076,1909f56bfc062723c751e8b465ee728b)  -> (artifact id: '4e9d243c70077df6fecaf5008e70602e') in 0.007879 seconds 
  Import took 0.011646 seconds .

========================================================================
Received Import Request.
  Time since last request: 1.575452 seconds.
  path: Assets/Materials/logo-melange
  artifactKey: Guid(5cf0d4ffc0ccccd4d9fc3813ab300877) Importer(815301076,1909f56bfc062723c751e8b465ee728b)
Start importing Assets/Materials/logo-melange using Guid(5cf0d4ffc0ccccd4d9fc3813ab300877) Importer(815301076,1909f56bfc062723c751e8b465ee728b)  -> (artifact id: 'e408e0363b9a1e35aa50b1293f37dcc7') in 0.007943 seconds 
  Import took 0.013206 seconds .

========================================================================
Received Import Request.
  Time since last request: 0.085487 seconds.
  path: Assets/Materials/logo-melange/Mat.mat
  artifactKey: Guid(cfbf3d20e64e1714eaf99a4ebeb91963) Importer(815301076,1909f56bfc062723c751e8b465ee728b)
Start importing Assets/Materials/logo-melange/Mat.mat using Guid(cfbf3d20e64e1714eaf99a4ebeb91963) Importer(815301076,1909f56bfc062723c751e8b465ee728b)  -> (artifact id: '86bdc9624b6ff24f3fe00db43390f77b') in 0.089941 seconds 
  Import took 0.093447 seconds .

========================================================================
Received Import Request.
  Time since last request: 0.000300 seconds.
  path: Assets/Materials/logo-melange/Mat_1.mat
  artifactKey: Guid(76aede032ba223c41a440909fe3ee8e5) Importer(815301076,1909f56bfc062723c751e8b465ee728b)
Start importing Assets/Materials/logo-melange/Mat_1.mat using Guid(76aede032ba223c41a440909fe3ee8e5) Importer(815301076,1909f56bfc062723c751e8b465ee728b)  -> (artifact id: '27bc4162e496f8f71e89f085cb29c0ca') in 0.011620 seconds 
  Import took 0.015362 seconds .

========================================================================
Received Import Request.
  Time since last request: 3.119785 seconds.
  path: Assets/Materials/logo-melange/Textures
  artifactKey: Guid(2383bd73f84ea044c8a129468bd2e87c) Importer(815301076,1909f56bfc062723c751e8b465ee728b)
Start importing Assets/Materials/logo-melange/Textures using Guid(2383bd73f84ea044c8a129468bd2e87c) Importer(815301076,1909f56bfc062723c751e8b465ee728b)  -> (artifact id: '233ebdac6ffa630ce4a94f916d0ca30d') in 0.005333 seconds 
  Import took 0.010171 seconds .

AssetImportWorkerClient::OnTransportError - code=2 error=End of file
