Using pre-set license
Built from '2020.3/staging' branch; Version is '2020.3.14f1 (d0d1bb862f9d) revision 13685179'; Using compiler version '192528614'; Build Type 'Release'
OS: 'Windows 10 Home Single Language; OS build 19042.1110; Version 2009; 64bit' Language: 'fr' Physical Memory: 8044 MB
BatchMode: 1, IsHumanControllingUs: 0, StartBugReporterOnCrash: 0, Is64bit: 1, IsPro: 0

 COMMAND LINE ARGUMENTS:
C:\Program Files\Unity\Hub\Editor\2020.3.14f1\Editor\Unity.exe
-adb2
-batchMode
-noUpm
-name
AssetImportWorker0
-projectPath
C:/Users/medrh/New Unity Project
-logFile
Logs/AssetImportWorker0.log
-srvPort
61322
Successfully changed project path to: C:/Users/medrh/New Unity Project
C:/Users/medrh/New Unity Project
Using Asset Import Pipeline V2.
Refreshing native plugins compatible for Editor in 37.22 ms, found 5 plugins.
Preloading 0 native plugins for Editor in 0.00 ms.
Initialize engine version: 2020.3.14f1 (d0d1bb862f9d)
[Subsystems] Discovering subsystems at path C:/Program Files/Unity/Hub/Editor/2020.3.14f1/Editor/Data/Resources/UnitySubsystems
[Subsystems] Discovering subsystems at path C:/Users/medrh/New Unity Project/Assets
GfxDevice: creating device client; threaded=0
Direct3D:
    Version:  Direct3D 11.0 [level 11.1]
    Renderer: NVIDIA GeForce GTX 1650 (ID=0x1f91)
    Vendor:   
    VRAM:     3964 MB
    Driver:   27.21.14.6231
Initialize mono
Mono path[0] = 'C:/Program Files/Unity/Hub/Editor/2020.3.14f1/Editor/Data/Managed'
Mono path[1] = 'C:/Program Files/Unity/Hub/Editor/2020.3.14f1/Editor/Data/MonoBleedingEdge/lib/mono/unityjit'
Mono config path = 'C:/Program Files/Unity/Hub/Editor/2020.3.14f1/Editor/Data/MonoBleedingEdge/etc'
Using monoOptions --debugger-agent=transport=dt_socket,embedding=1,server=y,suspend=n,address=127.0.0.1:56348
Begin MonoManager ReloadAssembly
Registering precompiled unity dll's ...
Register platform support module: C:/Program Files/Unity/Hub/Editor/2020.3.14f1/Editor/Data/PlaybackEngines/WindowsStandaloneSupport/UnityEditor.WindowsStandalone.Extensions.dll
Registered in 0.004470 seconds.
Native extension for WindowsStandalone target not found
Refreshing native plugins compatible for Editor in 32.80 ms, found 5 plugins.
Preloading 0 native plugins for Editor in 0.00 ms.
Mono: successfully reloaded assembly
- Completed reload, in  3.953 seconds
Domain Reload Profiling:
	ReloadAssembly (3953ms)
		BeginReloadAssembly (95ms)
			ExecutionOrderSort (0ms)
			DisableScriptedObjects (0ms)
			BackupInstance (0ms)
			ReleaseScriptingObjects (0ms)
			CreateAndSetChildDomain (1ms)
		EndReloadAssembly (582ms)
			LoadAssemblies (92ms)
			RebuildTransferFunctionScriptingTraits (0ms)
			SetupTypeCache (227ms)
			ReleaseScriptCaches (0ms)
			RebuildScriptCaches (36ms)
			SetupLoadedEditorAssemblies (216ms)
				LogAssemblyErrors (0ms)
				InitializePlatformSupportModulesInManaged (5ms)
				SetLoadedEditorAssemblies (0ms)
				RefreshPlugins (33ms)
				BeforeProcessingInitializeOnLoad (16ms)
				ProcessInitializeOnLoadAttributes (110ms)
				ProcessInitializeOnLoadMethodAttributes (51ms)
				AfterProcessingInitializeOnLoad (0ms)
				EditorAssembliesLoaded (0ms)
			ExecutionOrderSort2 (0ms)
			AwakeInstancesAfterBackupRestoration (0ms)
Platform modules already initialized, skipping
Registering precompiled user dll's ...
Registered in 0.017501 seconds.
Begin MonoManager ReloadAssembly
Unloading broken assembly Assets/Cineware by Maxon/Plugins/Editor/C4D2UnityEditor.dll, this assembly can cause crashes in the runtime

Native extension for WindowsStandalone target not found
Refreshing native plugins compatible for Editor in 0.75 ms, found 5 plugins.
Preloading 0 native plugins for Editor in 0.00 ms.
Mono: successfully reloaded assembly
- Completed reload, in  1.692 seconds
Domain Reload Profiling:
	ReloadAssembly (1695ms)
		BeginReloadAssembly (352ms)
			ExecutionOrderSort (0ms)
			DisableScriptedObjects (4ms)
			BackupInstance (0ms)
			ReleaseScriptingObjects (0ms)
			CreateAndSetChildDomain (34ms)
		EndReloadAssembly (1246ms)
			LoadAssemblies (344ms)
			RebuildTransferFunctionScriptingTraits (0ms)
			SetupTypeCache (394ms)
			ReleaseScriptCaches (1ms)
			RebuildScriptCaches (55ms)
			SetupLoadedEditorAssemblies (415ms)
				LogAssemblyErrors (0ms)
				InitializePlatformSupportModulesInManaged (6ms)
				SetLoadedEditorAssemblies (1ms)
				RefreshPlugins (1ms)
				BeforeProcessingInitializeOnLoad (129ms)
				ProcessInitializeOnLoadAttributes (263ms)
				ProcessInitializeOnLoadMethodAttributes (5ms)
				AfterProcessingInitializeOnLoad (10ms)
				EditorAssembliesLoaded (0ms)
			ExecutionOrderSort2 (0ms)
			AwakeInstancesAfterBackupRestoration (6ms)
Platform modules already initialized, skipping
========================================================================
Worker process is ready to serve import requests
Launched and connected shader compiler UnityShaderCompiler.exe after 0.09 seconds
Refreshing native plugins compatible for Editor in 0.35 ms, found 5 plugins.
Preloading 0 native plugins for Editor in 0.00 ms.
Unloading 1456 Unused Serialized files (Serialized files now loaded: 0)
System memory in use before: 68.5 MB.
System memory in use after: 68.6 MB.

Unloading 25 unused Assets to reduce memory usage. Loaded Objects now: 1886.
Total: 2.395200 ms (FindLiveObjects: 0.190100 ms CreateObjectMapping: 0.061900 ms MarkObjects: 2.038700 ms  DeleteObjects: 0.103300 ms)

AssetImportParameters requested are different than current active one (requested -> active):
  custom:framework-win-MediaFoundation: 216162199b28c13a410421893ffa2e32 -> 
  custom:video-decoder-ogg-theora: a1e56fd34408186e4bbccfd4996cb3dc -> 
  custom:container-muxer-webm: aa71ff27fc2769a1b78a27578f13a17b -> 
  custom:container-demuxer-webm: 4f35f7cbe854078d1ac9338744f61a02 -> 
  custom:container-demuxer-ogg: 62fdf1f143b41e24485cea50d1cbac27 -> 
  custom:video-encoder-webm-vp8: eb34c28f22e8b96e1ab97ce403110664 -> 
  custom:video-decoder-webm-vp8: 9c59270c3fd7afecdb556c50c9e8de78 -> 
  custom:audio-decoder-ogg-vorbis: bf7c407c2cedff20999df2af8eb42d56 -> 
  custom:audio-encoder-webm-vorbis: bf7c407c2cedff20999df2af8eb42d56 -> 
========================================================================
Received Import Request.
  path: Assets/Cineware by Maxon
  artifactKey: Guid(1fb39d0db795ba34f9a126dd54d7d57d) Importer(815301076,1909f56bfc062723c751e8b465ee728b)
Start importing Assets/Cineware by Maxon using Guid(1fb39d0db795ba34f9a126dd54d7d57d) Importer(815301076,1909f56bfc062723c751e8b465ee728b)  -> (artifact id: '77ad3669a393b7b6f0d880b4a83da431') in 0.013094 seconds 
  Import took 0.017891 seconds .

========================================================================
Received Prepare
Refreshing native plugins compatible for Editor in 10.80 ms, found 5 plugins.
Preloading 0 native plugins for Editor in 0.00 ms.
Unloading 18 Unused Serialized files (Serialized files now loaded: 0)
System memory in use before: 38.9 MB.
System memory in use after: 39.0 MB.

Unloading 18 unused Assets to reduce memory usage. Loaded Objects now: 1886.
Total: 1.724600 ms (FindLiveObjects: 0.136300 ms CreateObjectMapping: 0.043700 ms MarkObjects: 1.501700 ms  DeleteObjects: 0.041900 ms)

AssetImportParameters requested are different than current active one (requested -> active):
  custom:framework-win-MediaFoundation: 216162199b28c13a410421893ffa2e32 -> 
  custom:video-decoder-ogg-theora: a1e56fd34408186e4bbccfd4996cb3dc -> 
  custom:container-muxer-webm: aa71ff27fc2769a1b78a27578f13a17b -> 
  custom:container-demuxer-webm: 4f35f7cbe854078d1ac9338744f61a02 -> 
  custom:container-demuxer-ogg: 62fdf1f143b41e24485cea50d1cbac27 -> 
  custom:video-encoder-webm-vp8: eb34c28f22e8b96e1ab97ce403110664 -> 
  custom:video-decoder-webm-vp8: 9c59270c3fd7afecdb556c50c9e8de78 -> 
  custom:audio-decoder-ogg-vorbis: bf7c407c2cedff20999df2af8eb42d56 -> 
  custom:audio-encoder-webm-vorbis: bf7c407c2cedff20999df2af8eb42d56 -> 
========================================================================
Received Import Request.
  Time since last request: 172.040660 seconds.
  path: Assets/logo2.png
  artifactKey: Guid(f89e0dfa84e7b7e46938d0c6645ff8de) Importer(815301076,1909f56bfc062723c751e8b465ee728b)
Start importing Assets/logo2.png using Guid(f89e0dfa84e7b7e46938d0c6645ff8de) Importer(815301076,1909f56bfc062723c751e8b465ee728b)  -> (artifact id: 'f1f1ffe18bc4a082db547f89949461a1') in 0.125846 seconds 
  Import took 0.128981 seconds .

========================================================================
Received Import Request.
  Time since last request: 253.551445 seconds.
  path: Assets/Cineware by Maxon/Plugins/Editor/native
  artifactKey: Guid(1d10e78d4b57d41fba7ab8ac4291d907) Importer(815301076,1909f56bfc062723c751e8b465ee728b)
Start importing Assets/Cineware by Maxon/Plugins/Editor/native using Guid(1d10e78d4b57d41fba7ab8ac4291d907) Importer(815301076,1909f56bfc062723c751e8b465ee728b)  -> (artifact id: 'e0158e771dbdb75dae0f2085185299ef') in 0.004908 seconds 
  Import took 0.008493 seconds .

========================================================================
Received Import Request.
  Time since last request: 2.164976 seconds.
  path: Assets/Cineware by Maxon/Plugins/Editor/res
  artifactKey: Guid(d56e91e76c0604f9db0d2b5e061b0218) Importer(815301076,1909f56bfc062723c751e8b465ee728b)
Start importing Assets/Cineware by Maxon/Plugins/Editor/res using Guid(d56e91e76c0604f9db0d2b5e061b0218) Importer(815301076,1909f56bfc062723c751e8b465ee728b)  -> (artifact id: 'f5a92ade15b2826d789df32420de706c') in 0.003540 seconds 
  Import took 0.007434 seconds .

========================================================================
Received Prepare
Registering precompiled user dll's ...
Registered in 0.009811 seconds.
Begin MonoManager ReloadAssembly
Native extension for WindowsStandalone target not found
Refreshing native plugins compatible for Editor in 0.53 ms, found 2 plugins.
Preloading 0 native plugins for Editor in 0.00 ms.
Mono: successfully reloaded assembly
- Completed reload, in  1.220 seconds
Domain Reload Profiling:
	ReloadAssembly (1221ms)
		BeginReloadAssembly (174ms)
			ExecutionOrderSort (0ms)
			DisableScriptedObjects (6ms)
			BackupInstance (0ms)
			ReleaseScriptingObjects (0ms)
			CreateAndSetChildDomain (60ms)
		EndReloadAssembly (980ms)
			LoadAssemblies (120ms)
			RebuildTransferFunctionScriptingTraits (0ms)
			SetupTypeCache (290ms)
			ReleaseScriptCaches (1ms)
			RebuildScriptCaches (36ms)
			SetupLoadedEditorAssemblies (415ms)
				LogAssemblyErrors (0ms)
				InitializePlatformSupportModulesInManaged (8ms)
				SetLoadedEditorAssemblies (1ms)
				RefreshPlugins (1ms)
				BeforeProcessingInitializeOnLoad (117ms)
				ProcessInitializeOnLoadAttributes (271ms)
				ProcessInitializeOnLoadMethodAttributes (5ms)
				AfterProcessingInitializeOnLoad (12ms)
				EditorAssembliesLoaded (0ms)
			ExecutionOrderSort2 (0ms)
			AwakeInstancesAfterBackupRestoration (8ms)
Platform modules already initialized, skipping
Refreshing native plugins compatible for Editor in 0.30 ms, found 2 plugins.
Preloading 0 native plugins for Editor in 0.00 ms.
Unloading 1432 Unused Serialized files (Serialized files now loaded: 0)
System memory in use before: 67.1 MB.
System memory in use after: 67.1 MB.

Unloading 14 unused Assets to reduce memory usage. Loaded Objects now: 1891.
Total: 2.110900 ms (FindLiveObjects: 0.141300 ms CreateObjectMapping: 0.043000 ms MarkObjects: 1.871700 ms  DeleteObjects: 0.053900 ms)

AssetImportParameters requested are different than current active one (requested -> active):
  custom:framework-win-MediaFoundation: 216162199b28c13a410421893ffa2e32 -> 
  custom:video-decoder-ogg-theora: a1e56fd34408186e4bbccfd4996cb3dc -> 
  custom:container-muxer-webm: aa71ff27fc2769a1b78a27578f13a17b -> 
  custom:container-demuxer-webm: 4f35f7cbe854078d1ac9338744f61a02 -> 
  custom:container-demuxer-ogg: 62fdf1f143b41e24485cea50d1cbac27 -> 
  custom:video-encoder-webm-vp8: eb34c28f22e8b96e1ab97ce403110664 -> 
  custom:video-decoder-webm-vp8: 9c59270c3fd7afecdb556c50c9e8de78 -> 
  custom:audio-decoder-ogg-vorbis: bf7c407c2cedff20999df2af8eb42d56 -> 
  custom:audio-encoder-webm-vorbis: bf7c407c2cedff20999df2af8eb42d56 -> 
========================================================================
Received Import Request.
  Time since last request: 142.630403 seconds.
  path: Assets/PlayerPrefsEditor
  artifactKey: Guid(32bdd7f21a686aa4c9527c1d19f93c21) Importer(815301076,1909f56bfc062723c751e8b465ee728b)
Start importing Assets/PlayerPrefsEditor using Guid(32bdd7f21a686aa4c9527c1d19f93c21) Importer(815301076,1909f56bfc062723c751e8b465ee728b)  -> (artifact id: '8bd4c846226448496c24165df09b775b') in 0.006424 seconds 
  Import took 0.010795 seconds .

========================================================================
Received Import Request.
  Time since last request: 0.005677 seconds.
  path: Assets/PlayerPrefsEditor
  artifactKey: Guid(32bdd7f21a686aa4c9527c1d19f93c21) Importer(815301076,1909f56bfc062723c751e8b465ee728b)
Start importing Assets/PlayerPrefsEditor using Guid(32bdd7f21a686aa4c9527c1d19f93c21) Importer(815301076,1909f56bfc062723c751e8b465ee728b)  -> (artifact id: '8bd4c846226448496c24165df09b775b') in 0.002290 seconds 
  Import took 0.005258 seconds .

========================================================================
Received Import Request.
  Time since last request: 4.818263 seconds.
  path: Assets/PlayerPrefsEditor/Editor Resources
  artifactKey: Guid(31c463d7ccf40cf4cab8c990a851231d) Importer(815301076,1909f56bfc062723c751e8b465ee728b)
Start importing Assets/PlayerPrefsEditor/Editor Resources using Guid(31c463d7ccf40cf4cab8c990a851231d) Importer(815301076,1909f56bfc062723c751e8b465ee728b)  -> (artifact id: '12b97fa26390dc6b1ed99825118fc8e8') in 0.004597 seconds 
  Import took 0.007997 seconds .

========================================================================
Received Import Request.
  Time since last request: 0.031226 seconds.
  path: Assets/PlayerPrefsEditor/Editor Resources/exclamation.png
  artifactKey: Guid(058af12bb195cdc43a0f974953fc4afd) Importer(815301076,1909f56bfc062723c751e8b465ee728b)
Start importing Assets/PlayerPrefsEditor/Editor Resources/exclamation.png using Guid(058af12bb195cdc43a0f974953fc4afd) Importer(815301076,1909f56bfc062723c751e8b465ee728b)  -> (artifact id: 'a717d850ea2b75c3b708d00e500ce465') in 0.038914 seconds 
  Import took 0.042260 seconds .

========================================================================
Received Import Request.
  Time since last request: 0.000330 seconds.
  path: Assets/PlayerPrefsEditor/Editor Resources/os_win_icon.png
  artifactKey: Guid(d40b23b11d3b85145af46d2c1316e057) Importer(815301076,1909f56bfc062723c751e8b465ee728b)
Start importing Assets/PlayerPrefsEditor/Editor Resources/os_win_icon.png using Guid(d40b23b11d3b85145af46d2c1316e057) Importer(815301076,1909f56bfc062723c751e8b465ee728b)  -> (artifact id: '88a406dafade0411c9a2c14f9d395eda') in 0.011383 seconds 
  Import took 0.014484 seconds .

========================================================================
Received Import Request.
  Time since last request: 0.000453 seconds.
  path: Assets/PlayerPrefsEditor/Editor Resources/Unity.PlayerPrefsEditor.EditorResources.asmdef
  artifactKey: Guid(bf6f54031c06d954889037da1389c752) Importer(815301076,1909f56bfc062723c751e8b465ee728b)
Start importing Assets/PlayerPrefsEditor/Editor Resources/Unity.PlayerPrefsEditor.EditorResources.asmdef using Guid(bf6f54031c06d954889037da1389c752) Importer(815301076,1909f56bfc062723c751e8b465ee728b)  -> (artifact id: '0fb54b9d781d2cf0018275c50f26c699') in 0.012407 seconds 
  Import took 0.015930 seconds .

========================================================================
Received Import Request.
  Time since last request: 0.000325 seconds.
  path: Assets/PlayerPrefsEditor/Editor Resources/os_mac_icon.png
  artifactKey: Guid(c94af9de33f2f524ca4141c5ea383090) Importer(815301076,1909f56bfc062723c751e8b465ee728b)
Start importing Assets/PlayerPrefsEditor/Editor Resources/os_mac_icon.png using Guid(c94af9de33f2f524ca4141c5ea383090) Importer(815301076,1909f56bfc062723c751e8b465ee728b)  -> (artifact id: '68041f7bfe9e3fca55cb7fc6281893c2') in 0.015683 seconds 
  Import took 0.018669 seconds .

========================================================================
Received Import Request.
  Time since last request: 0.000302 seconds.
  path: Assets/PlayerPrefsEditor/Editor Resources/watching.png
  artifactKey: Guid(ed8c91adb8fc54f41aaff0986b083281) Importer(815301076,1909f56bfc062723c751e8b465ee728b)
Start importing Assets/PlayerPrefsEditor/Editor Resources/watching.png using Guid(ed8c91adb8fc54f41aaff0986b083281) Importer(815301076,1909f56bfc062723c751e8b465ee728b)  -> (artifact id: 'cda0edd6dcf791a5289a65f965e74896') in 0.010856 seconds 
  Import took 0.014732 seconds .

========================================================================
Received Import Request.
  Time since last request: 0.000449 seconds.
  path: Assets/PlayerPrefsEditor/Editor Resources/info.png
  artifactKey: Guid(babe6cc749d43c2469c6cb12a7a9d344) Importer(815301076,1909f56bfc062723c751e8b465ee728b)
Start importing Assets/PlayerPrefsEditor/Editor Resources/info.png using Guid(babe6cc749d43c2469c6cb12a7a9d344) Importer(815301076,1909f56bfc062723c751e8b465ee728b)  -> (artifact id: 'cb1705200b1ae8e40c2010732791ab25') in 0.012434 seconds 
  Import took 0.015584 seconds .

========================================================================
Received Import Request.
  Time since last request: 0.000309 seconds.
  path: Assets/PlayerPrefsEditor/Editor Resources/os_linux_icon.png
  artifactKey: Guid(c78f517c9f87bdf4e814d0d96e740793) Importer(815301076,1909f56bfc062723c751e8b465ee728b)
Start importing Assets/PlayerPrefsEditor/Editor Resources/os_linux_icon.png using Guid(c78f517c9f87bdf4e814d0d96e740793) Importer(815301076,1909f56bfc062723c751e8b465ee728b)  -> (artifact id: 'f0a7d8f357d079e9d6c5871e5c3018d3') in 0.011696 seconds 
  Import took 0.014666 seconds .

========================================================================
Received Import Request.
  Time since last request: 0.000272 seconds.
  path: Assets/PlayerPrefsEditor/Editor Resources/not_watching.png
  artifactKey: Guid(01600487ba432264983788be42b0b029) Importer(815301076,1909f56bfc062723c751e8b465ee728b)
Start importing Assets/PlayerPrefsEditor/Editor Resources/not_watching.png using Guid(01600487ba432264983788be42b0b029) Importer(815301076,1909f56bfc062723c751e8b465ee728b)  -> (artifact id: '843029edf4ebe4a6042d0fc9db3159e4') in 0.015460 seconds 
  Import took 0.018078 seconds .

========================================================================
Received Import Request.
  Time since last request: 0.000260 seconds.
  path: Assets/PlayerPrefsEditor/Editor Resources/refresh.png
  artifactKey: Guid(7d9ae81a8b3252449820b277748395bc) Importer(815301076,1909f56bfc062723c751e8b465ee728b)
Start importing Assets/PlayerPrefsEditor/Editor Resources/refresh.png using Guid(7d9ae81a8b3252449820b277748395bc) Importer(815301076,1909f56bfc062723c751e8b465ee728b)  -> (artifact id: 'dc0881a7b268e4280850950e7e4830b8') in 0.010509 seconds 
  Import took 0.014096 seconds .

========================================================================
Received Import Request.
  Time since last request: 0.000340 seconds.
  path: Assets/PlayerPrefsEditor/Editor Resources/trash.png
  artifactKey: Guid(cc312847c3bca82428ff672fea7385c7) Importer(815301076,1909f56bfc062723c751e8b465ee728b)
Start importing Assets/PlayerPrefsEditor/Editor Resources/trash.png using Guid(cc312847c3bca82428ff672fea7385c7) Importer(815301076,1909f56bfc062723c751e8b465ee728b)  -> (artifact id: '6357630c23d68397367130b0cefe8170') in 0.012229 seconds 
  Import took 0.015588 seconds .

========================================================================
Received Import Request.
  Time since last request: 6.991560 seconds.
  path: Assets/PlayerPrefsEditor/CHANGELOG.md
  artifactKey: Guid(53e2fe1165389a84c8c415eed555029d) Importer(815301076,1909f56bfc062723c751e8b465ee728b)
Start importing Assets/PlayerPrefsEditor/CHANGELOG.md using Guid(53e2fe1165389a84c8c415eed555029d) Importer(815301076,1909f56bfc062723c751e8b465ee728b)  -> (artifact id: '9875f9db4445519b6b7e3af935c7e7bb') in 0.006433 seconds 
  Import took 0.008978 seconds .

========================================================================
Received Import Request.
  Time since last request: 0.024364 seconds.
  path: Assets/PlayerPrefsEditor/CHANGELOG.md
  artifactKey: Guid(53e2fe1165389a84c8c415eed555029d) Importer(815301076,1909f56bfc062723c751e8b465ee728b)
Start importing Assets/PlayerPrefsEditor/CHANGELOG.md using Guid(53e2fe1165389a84c8c415eed555029d) Importer(815301076,1909f56bfc062723c751e8b465ee728b)  -> (artifact id: '9875f9db4445519b6b7e3af935c7e7bb') in 0.004071 seconds 
  Import took 0.007885 seconds .

========================================================================
Received Import Request.
  Time since last request: 3.007670 seconds.
  path: Assets/PlayerPrefsEditor/README.md
  artifactKey: Guid(3b2e0e2a0041b58458afaba08099fba4) Importer(815301076,1909f56bfc062723c751e8b465ee728b)
Start importing Assets/PlayerPrefsEditor/README.md using Guid(3b2e0e2a0041b58458afaba08099fba4) Importer(815301076,1909f56bfc062723c751e8b465ee728b)  -> (artifact id: 'cf8792295faad4bd78aa2803846d3de3') in 0.003456 seconds 
  Import took 0.006414 seconds .

========================================================================
Received Import Request.
  Time since last request: 1.805464 seconds.
  path: Assets/PlayerPrefsEditor/Documentation
  artifactKey: Guid(de2f44b1858e71648a3f7dddd7613d06) Importer(815301076,1909f56bfc062723c751e8b465ee728b)
Start importing Assets/PlayerPrefsEditor/Documentation using Guid(de2f44b1858e71648a3f7dddd7613d06) Importer(815301076,1909f56bfc062723c751e8b465ee728b)  -> (artifact id: '7bc74acbfc8dd30ebb7dfbeb1827dd35') in 0.003446 seconds 
  Import took 0.006682 seconds .

========================================================================
Received Import Request.
  Time since last request: 0.000596 seconds.
  path: Assets/PlayerPrefsEditor/Documentation
  artifactKey: Guid(de2f44b1858e71648a3f7dddd7613d06) Importer(815301076,1909f56bfc062723c751e8b465ee728b)
Start importing Assets/PlayerPrefsEditor/Documentation using Guid(de2f44b1858e71648a3f7dddd7613d06) Importer(815301076,1909f56bfc062723c751e8b465ee728b)  -> (artifact id: '7bc74acbfc8dd30ebb7dfbeb1827dd35') in 0.002656 seconds 
  Import took 0.005359 seconds .

========================================================================
Received Import Request.
  Time since last request: 1.129213 seconds.
  path: Assets/PlayerPrefsEditor/Documentation/MANUAL.html
  artifactKey: Guid(851db371027d13042b8c8a9bc48cdd4d) Importer(815301076,1909f56bfc062723c751e8b465ee728b)
Start importing Assets/PlayerPrefsEditor/Documentation/MANUAL.html using Guid(851db371027d13042b8c8a9bc48cdd4d) Importer(815301076,1909f56bfc062723c751e8b465ee728b)  -> (artifact id: '122d9991c0c939362069a9fc2f2b0d21') in 0.011962 seconds 
  Import took 0.014809 seconds .

========================================================================
Received Import Request.
  Time since last request: 1.339425 seconds.
  path: Assets/PlayerPrefsEditor/Documentation/Images
  artifactKey: Guid(dbc839eeedfa0ad47b78cb8591218eaf) Importer(815301076,1909f56bfc062723c751e8b465ee728b)
Start importing Assets/PlayerPrefsEditor/Documentation/Images using Guid(dbc839eeedfa0ad47b78cb8591218eaf) Importer(815301076,1909f56bfc062723c751e8b465ee728b)  -> (artifact id: '2c5c777ffd0fc82ea2e14b9c6e113ecd') in 0.006531 seconds 
  Import took 0.009275 seconds .

========================================================================
Received Import Request.
  Time since last request: 0.191315 seconds.
  path: Assets/PlayerPrefsEditor/Documentation/Images/bgtools_ppe_manual_layout.png
  artifactKey: Guid(f9ec3ef9294a33447939ef1af57b5749) Importer(815301076,1909f56bfc062723c751e8b465ee728b)
Start importing Assets/PlayerPrefsEditor/Documentation/Images/bgtools_ppe_manual_layout.png using Guid(f9ec3ef9294a33447939ef1af57b5749) Importer(815301076,1909f56bfc062723c751e8b465ee728b)  -> (artifact id: 'd4b266d676673c35eceda3056f7d0ff8') in 0.018849 seconds 
  Import took 0.023572 seconds .

========================================================================
Received Import Request.
  Time since last request: 10.070799 seconds.
  path: Assets/PlayerPrefsEditor/Editor
  artifactKey: Guid(7afdecdeaea3efc42b92ba335397568c) Importer(815301076,1909f56bfc062723c751e8b465ee728b)
Start importing Assets/PlayerPrefsEditor/Editor using Guid(7afdecdeaea3efc42b92ba335397568c) Importer(815301076,1909f56bfc062723c751e8b465ee728b)  -> (artifact id: 'ead765fe7d5bc4aeac05061d0e26afe7') in 0.006125 seconds 
  Import took 0.008501 seconds .

========================================================================
Received Import Request.
  Time since last request: 0.059611 seconds.
  path: Assets/PlayerPrefsEditor/Editor/Unity.PlayerPrefsEditor.Editor.asmdef
  artifactKey: Guid(516df2812c38a7348b10d202b71bf483) Importer(815301076,1909f56bfc062723c751e8b465ee728b)
Start importing Assets/PlayerPrefsEditor/Editor/Unity.PlayerPrefsEditor.Editor.asmdef using Guid(516df2812c38a7348b10d202b71bf483) Importer(815301076,1909f56bfc062723c751e8b465ee728b)  -> (artifact id: '522858660c5d87743353f54079cbe19c') in 0.002975 seconds 
  Import took 0.005419 seconds .

========================================================================
Received Import Request.
  Time since last request: 13.190309 seconds.
  path: Assets/PlayerPrefsEditor/Editor/Styles.cs
  artifactKey: Guid(be53f59c705f7434a9d6581d0746990f) Importer(815301076,1909f56bfc062723c751e8b465ee728b)
Start importing Assets/PlayerPrefsEditor/Editor/Styles.cs using Guid(be53f59c705f7434a9d6581d0746990f) Importer(815301076,1909f56bfc062723c751e8b465ee728b)  -> (artifact id: 'f53dfdd1b94e258ceb22745ee0fa028b') in 0.017424 seconds 
  Import took 0.020252 seconds .

========================================================================
Received Import Request.
  Time since last request: 2.785374 seconds.
  path: Assets/PlayerPrefsEditor/Editor/PreferencesEditor
  artifactKey: Guid(e93ef5c4e798b034bb024596113459cb) Importer(815301076,1909f56bfc062723c751e8b465ee728b)
Start importing Assets/PlayerPrefsEditor/Editor/PreferencesEditor using Guid(e93ef5c4e798b034bb024596113459cb) Importer(815301076,1909f56bfc062723c751e8b465ee728b)  -> (artifact id: '613891b71957edeec0a05c9cc5771fb3') in 0.003817 seconds 
  Import took 0.006117 seconds .

========================================================================
Received Import Request.
  Time since last request: 3.772503 seconds.
  path: Assets/PlayerPrefsEditor/Editor/Dialogs
  artifactKey: Guid(2c61139fc58134242bb4b9e6d9fabdc0) Importer(815301076,1909f56bfc062723c751e8b465ee728b)
Start importing Assets/PlayerPrefsEditor/Editor/Dialogs using Guid(2c61139fc58134242bb4b9e6d9fabdc0) Importer(815301076,1909f56bfc062723c751e8b465ee728b)  -> (artifact id: '009342b42783fe81ae3ba70699b050ca') in 0.004930 seconds 
  Import took 0.008730 seconds .

========================================================================
Received Import Request.
  Time since last request: 1.676849 seconds.
  path: Assets/PlayerPrefsEditor/Editor/Extensions
  artifactKey: Guid(5c7bb3ee5362c0a40a707ade01e79972) Importer(815301076,1909f56bfc062723c751e8b465ee728b)
Start importing Assets/PlayerPrefsEditor/Editor/Extensions using Guid(5c7bb3ee5362c0a40a707ade01e79972) Importer(815301076,1909f56bfc062723c751e8b465ee728b)  -> (artifact id: '711d3cd78be09b4f4ef2f5fc47fd10ac') in 0.005528 seconds 
  Import took 0.008370 seconds .

========================================================================
Received Import Request.
  Time since last request: 10.835757 seconds.
  path: Assets/PlayerPrefsEditor/Samples
  artifactKey: Guid(4e8f68858c0e84e429592aaa80a8a1e4) Importer(815301076,1909f56bfc062723c751e8b465ee728b)
Start importing Assets/PlayerPrefsEditor/Samples using Guid(4e8f68858c0e84e429592aaa80a8a1e4) Importer(815301076,1909f56bfc062723c751e8b465ee728b)  -> (artifact id: '05145b4d29c9cf8376247a1a8ddf02be') in 0.003704 seconds 
  Import took 0.006975 seconds .

========================================================================
Received Import Request.
  Time since last request: 0.931276 seconds.
  path: Assets/PlayerPrefsEditor/Samples/SampleScene
  artifactKey: Guid(16180e12a1ec47a4fb2cc753af98d39e) Importer(815301076,1909f56bfc062723c751e8b465ee728b)
Start importing Assets/PlayerPrefsEditor/Samples/SampleScene using Guid(16180e12a1ec47a4fb2cc753af98d39e) Importer(815301076,1909f56bfc062723c751e8b465ee728b)  -> (artifact id: '0afb88d91e652fa8a65a6e82ddbdf408') in 0.002860 seconds 
  Import took 0.005116 seconds .

========================================================================
Received Import Request.
  Time since last request: 0.243244 seconds.
  path: Assets/PlayerPrefsEditor/Samples/SampleScene/Unity.PlayerPrefsEditor.Samples.SampleScene.asmdef
  artifactKey: Guid(7bb1abbf070c8e248939f8fd7910665f) Importer(815301076,1909f56bfc062723c751e8b465ee728b)
Start importing Assets/PlayerPrefsEditor/Samples/SampleScene/Unity.PlayerPrefsEditor.Samples.SampleScene.asmdef using Guid(7bb1abbf070c8e248939f8fd7910665f) Importer(815301076,1909f56bfc062723c751e8b465ee728b)  -> (artifact id: '1d9ecfa5345d771618cd244bed118f95') in 0.002588 seconds 
  Import took 0.004809 seconds .

========================================================================
Received Import Request.
  Time since last request: 3.670721 seconds.
  path: Assets/PlayerPrefsEditor/Samples/SampleScene/SampleScene.unity
  artifactKey: Guid(fba661fc32606eb498ae23fd271867b4) Importer(815301076,1909f56bfc062723c751e8b465ee728b)
Start importing Assets/PlayerPrefsEditor/Samples/SampleScene/SampleScene.unity using Guid(fba661fc32606eb498ae23fd271867b4) Importer(815301076,1909f56bfc062723c751e8b465ee728b)  -> (artifact id: '7fab77927c87374c9ff3314b7cc6592c') in 0.004428 seconds 
  Import took 0.007805 seconds .

========================================================================
Received Import Request.
  Time since last request: 9.706902 seconds.
  path: Assets/PlayerPrefsEditor/Samples/SampleScene/PlayerPrefsController.cs
  artifactKey: Guid(4004328c339a7cb4fb509e2e5f789688) Importer(815301076,1909f56bfc062723c751e8b465ee728b)
Start importing Assets/PlayerPrefsEditor/Samples/SampleScene/PlayerPrefsController.cs using Guid(4004328c339a7cb4fb509e2e5f789688) Importer(815301076,1909f56bfc062723c751e8b465ee728b)  -> (artifact id: '2b744470aea6f704d95faf65e80a24e5') in 0.003249 seconds 
  Import took 0.005569 seconds .

========================================================================
Received Import Request.
  Time since last request: 0.002086 seconds.
  path: Assets/PlayerPrefsEditor/Samples/SampleScene/PlayerPrefsController.cs
  artifactKey: Guid(4004328c339a7cb4fb509e2e5f789688) Importer(815301076,1909f56bfc062723c751e8b465ee728b)
Start importing Assets/PlayerPrefsEditor/Samples/SampleScene/PlayerPrefsController.cs using Guid(4004328c339a7cb4fb509e2e5f789688) Importer(815301076,1909f56bfc062723c751e8b465ee728b)  -> (artifact id: '2b744470aea6f704d95faf65e80a24e5') in 0.003151 seconds 
  Import took 0.006272 seconds .

========================================================================
Received Prepare
Registering precompiled user dll's ...
Registered in 0.007071 seconds.
Begin MonoManager ReloadAssembly
Native extension for WindowsStandalone target not found
Refreshing native plugins compatible for Editor in 0.29 ms, found 2 plugins.
Preloading 0 native plugins for Editor in 0.00 ms.
Mono: successfully reloaded assembly
- Completed reload, in  1.217 seconds
Domain Reload Profiling:
	ReloadAssembly (1218ms)
		BeginReloadAssembly (145ms)
			ExecutionOrderSort (0ms)
			DisableScriptedObjects (4ms)
			BackupInstance (0ms)
			ReleaseScriptingObjects (0ms)
			CreateAndSetChildDomain (37ms)
		EndReloadAssembly (895ms)
			LoadAssemblies (147ms)
			RebuildTransferFunctionScriptingTraits (0ms)
			SetupTypeCache (370ms)
			ReleaseScriptCaches (1ms)
			RebuildScriptCaches (34ms)
			SetupLoadedEditorAssemblies (280ms)
				LogAssemblyErrors (0ms)
				InitializePlatformSupportModulesInManaged (5ms)
				SetLoadedEditorAssemblies (0ms)
				RefreshPlugins (0ms)
				BeforeProcessingInitializeOnLoad (91ms)
				ProcessInitializeOnLoadAttributes (170ms)
				ProcessInitializeOnLoadMethodAttributes (3ms)
				AfterProcessingInitializeOnLoad (9ms)
				EditorAssembliesLoaded (0ms)
			ExecutionOrderSort2 (0ms)
			AwakeInstancesAfterBackupRestoration (6ms)
Platform modules already initialized, skipping
Refreshing native plugins compatible for Editor in 0.30 ms, found 2 plugins.
Preloading 0 native plugins for Editor in 0.00 ms.
Unloading 1432 Unused Serialized files (Serialized files now loaded: 0)
System memory in use before: 67.2 MB.
System memory in use after: 67.3 MB.

Unloading 14 unused Assets to reduce memory usage. Loaded Objects now: 1895.
Total: 2.637700 ms (FindLiveObjects: 0.140200 ms CreateObjectMapping: 0.035500 ms MarkObjects: 2.402800 ms  DeleteObjects: 0.058200 ms)

AssetImportParameters requested are different than current active one (requested -> active):
  custom:framework-win-MediaFoundation: 216162199b28c13a410421893ffa2e32 -> 
  custom:video-decoder-ogg-theora: a1e56fd34408186e4bbccfd4996cb3dc -> 
  custom:container-muxer-webm: aa71ff27fc2769a1b78a27578f13a17b -> 
  custom:container-demuxer-webm: 4f35f7cbe854078d1ac9338744f61a02 -> 
  custom:container-demuxer-ogg: 62fdf1f143b41e24485cea50d1cbac27 -> 
  custom:video-encoder-webm-vp8: eb34c28f22e8b96e1ab97ce403110664 -> 
  custom:video-decoder-webm-vp8: 9c59270c3fd7afecdb556c50c9e8de78 -> 
  custom:audio-decoder-ogg-vorbis: bf7c407c2cedff20999df2af8eb42d56 -> 
  custom:audio-encoder-webm-vorbis: bf7c407c2cedff20999df2af8eb42d56 -> 
========================================================================
Received Prepare
Registering precompiled user dll's ...
Registered in 0.013183 seconds.
Begin MonoManager ReloadAssembly
Native extension for WindowsStandalone target not found
Refreshing native plugins compatible for Editor in 28.74 ms, found 5 plugins.
Preloading 0 native plugins for Editor in 0.00 ms.
Mono: successfully reloaded assembly
- Completed reload, in  1.007 seconds
Domain Reload Profiling:
	ReloadAssembly (1008ms)
		BeginReloadAssembly (129ms)
			ExecutionOrderSort (0ms)
			DisableScriptedObjects (5ms)
			BackupInstance (0ms)
			ReleaseScriptingObjects (0ms)
			CreateAndSetChildDomain (30ms)
		EndReloadAssembly (784ms)
			LoadAssemblies (121ms)
			RebuildTransferFunctionScriptingTraits (0ms)
			SetupTypeCache (253ms)
			ReleaseScriptCaches (1ms)
			RebuildScriptCaches (38ms)
			SetupLoadedEditorAssemblies (270ms)
				LogAssemblyErrors (0ms)
				InitializePlatformSupportModulesInManaged (4ms)
				SetLoadedEditorAssemblies (0ms)
				RefreshPlugins (29ms)
				BeforeProcessingInitializeOnLoad (69ms)
				ProcessInitializeOnLoadAttributes (155ms)
				ProcessInitializeOnLoadMethodAttributes (3ms)
				AfterProcessingInitializeOnLoad (10ms)
				EditorAssembliesLoaded (0ms)
			ExecutionOrderSort2 (0ms)
			AwakeInstancesAfterBackupRestoration (6ms)
Platform modules already initialized, skipping
Refreshing native plugins compatible for Editor in 0.38 ms, found 5 plugins.
Preloading 0 native plugins for Editor in 0.00 ms.
Unloading 1438 Unused Serialized files (Serialized files now loaded: 0)
System memory in use before: 67.4 MB.
System memory in use after: 67.4 MB.

Unloading 20 unused Assets to reduce memory usage. Loaded Objects now: 1900.
Total: 2.110000 ms (FindLiveObjects: 0.147500 ms CreateObjectMapping: 0.038100 ms MarkObjects: 1.861500 ms  DeleteObjects: 0.062000 ms)

AssetImportParameters requested are different than current active one (requested -> active):
  custom:framework-win-MediaFoundation: 216162199b28c13a410421893ffa2e32 -> 
  custom:video-decoder-ogg-theora: a1e56fd34408186e4bbccfd4996cb3dc -> 
  custom:container-muxer-webm: aa71ff27fc2769a1b78a27578f13a17b -> 
  custom:container-demuxer-webm: 4f35f7cbe854078d1ac9338744f61a02 -> 
  custom:container-demuxer-ogg: 62fdf1f143b41e24485cea50d1cbac27 -> 
  custom:video-encoder-webm-vp8: eb34c28f22e8b96e1ab97ce403110664 -> 
  custom:video-decoder-webm-vp8: 9c59270c3fd7afecdb556c50c9e8de78 -> 
  custom:audio-decoder-ogg-vorbis: bf7c407c2cedff20999df2af8eb42d56 -> 
  custom:audio-encoder-webm-vorbis: bf7c407c2cedff20999df2af8eb42d56 -> 
========================================================================
Received Prepare
Registering precompiled user dll's ...
Registered in 0.009392 seconds.
Begin MonoManager ReloadAssembly
Native extension for WindowsStandalone target not found
Refreshing native plugins compatible for Editor in 0.34 ms, found 5 plugins.
Preloading 0 native plugins for Editor in 0.00 ms.
Mono: successfully reloaded assembly
- Completed reload, in  0.928 seconds
Domain Reload Profiling:
	ReloadAssembly (928ms)
		BeginReloadAssembly (123ms)
			ExecutionOrderSort (0ms)
			DisableScriptedObjects (4ms)
			BackupInstance (0ms)
			ReleaseScriptingObjects (0ms)
			CreateAndSetChildDomain (32ms)
		EndReloadAssembly (742ms)
			LoadAssemblies (96ms)
			RebuildTransferFunctionScriptingTraits (0ms)
			SetupTypeCache (252ms)
			ReleaseScriptCaches (1ms)
			RebuildScriptCaches (37ms)
			SetupLoadedEditorAssemblies (273ms)
				LogAssemblyErrors (0ms)
				InitializePlatformSupportModulesInManaged (5ms)
				SetLoadedEditorAssemblies (0ms)
				RefreshPlugins (0ms)
				BeforeProcessingInitializeOnLoad (95ms)
				ProcessInitializeOnLoadAttributes (158ms)
				ProcessInitializeOnLoadMethodAttributes (5ms)
				AfterProcessingInitializeOnLoad (9ms)
				EditorAssembliesLoaded (0ms)
			ExecutionOrderSort2 (0ms)
			AwakeInstancesAfterBackupRestoration (6ms)
Platform modules already initialized, skipping
Refreshing native plugins compatible for Editor in 0.42 ms, found 5 plugins.
Preloading 0 native plugins for Editor in 0.00 ms.
Unloading 1438 Unused Serialized files (Serialized files now loaded: 0)
System memory in use before: 67.4 MB.
System memory in use after: 67.5 MB.

Unloading 20 unused Assets to reduce memory usage. Loaded Objects now: 1903.
Total: 1.879200 ms (FindLiveObjects: 0.148200 ms CreateObjectMapping: 0.040600 ms MarkObjects: 1.636900 ms  DeleteObjects: 0.052700 ms)

AssetImportParameters requested are different than current active one (requested -> active):
  custom:framework-win-MediaFoundation: 216162199b28c13a410421893ffa2e32 -> 
  custom:video-decoder-ogg-theora: a1e56fd34408186e4bbccfd4996cb3dc -> 
  custom:container-muxer-webm: aa71ff27fc2769a1b78a27578f13a17b -> 
  custom:container-demuxer-webm: 4f35f7cbe854078d1ac9338744f61a02 -> 
  custom:container-demuxer-ogg: 62fdf1f143b41e24485cea50d1cbac27 -> 
  custom:video-encoder-webm-vp8: eb34c28f22e8b96e1ab97ce403110664 -> 
  custom:video-decoder-webm-vp8: 9c59270c3fd7afecdb556c50c9e8de78 -> 
  custom:audio-decoder-ogg-vorbis: bf7c407c2cedff20999df2af8eb42d56 -> 
  custom:audio-encoder-webm-vorbis: bf7c407c2cedff20999df2af8eb42d56 -> 
========================================================================
Received Prepare
Registering precompiled user dll's ...
Registered in 0.009474 seconds.
Begin MonoManager ReloadAssembly
Native extension for WindowsStandalone target not found
Refreshing native plugins compatible for Editor in 0.36 ms, found 5 plugins.
Preloading 0 native plugins for Editor in 0.00 ms.
Mono: successfully reloaded assembly
- Completed reload, in  0.963 seconds
Domain Reload Profiling:
	ReloadAssembly (963ms)
		BeginReloadAssembly (122ms)
			ExecutionOrderSort (0ms)
			DisableScriptedObjects (4ms)
			BackupInstance (0ms)
			ReleaseScriptingObjects (0ms)
			CreateAndSetChildDomain (31ms)
		EndReloadAssembly (766ms)
			LoadAssemblies (108ms)
			RebuildTransferFunctionScriptingTraits (0ms)
			SetupTypeCache (262ms)
			ReleaseScriptCaches (1ms)
			RebuildScriptCaches (37ms)
			SetupLoadedEditorAssemblies (277ms)
				LogAssemblyErrors (0ms)
				InitializePlatformSupportModulesInManaged (6ms)
				SetLoadedEditorAssemblies (1ms)
				RefreshPlugins (0ms)
				BeforeProcessingInitializeOnLoad (94ms)
				ProcessInitializeOnLoadAttributes (162ms)
				ProcessInitializeOnLoadMethodAttributes (3ms)
				AfterProcessingInitializeOnLoad (10ms)
				EditorAssembliesLoaded (0ms)
			ExecutionOrderSort2 (0ms)
			AwakeInstancesAfterBackupRestoration (6ms)
Platform modules already initialized, skipping
Refreshing native plugins compatible for Editor in 0.35 ms, found 5 plugins.
Preloading 0 native plugins for Editor in 0.00 ms.
Unloading 1438 Unused Serialized files (Serialized files now loaded: 0)
System memory in use before: 67.4 MB.
System memory in use after: 67.5 MB.

Unloading 20 unused Assets to reduce memory usage. Loaded Objects now: 1906.
Total: 2.305700 ms (FindLiveObjects: 0.222300 ms CreateObjectMapping: 0.042300 ms MarkObjects: 1.986900 ms  DeleteObjects: 0.053300 ms)

AssetImportParameters requested are different than current active one (requested -> active):
  custom:framework-win-MediaFoundation: 216162199b28c13a410421893ffa2e32 -> 
  custom:video-decoder-ogg-theora: a1e56fd34408186e4bbccfd4996cb3dc -> 
  custom:container-muxer-webm: aa71ff27fc2769a1b78a27578f13a17b -> 
  custom:container-demuxer-webm: 4f35f7cbe854078d1ac9338744f61a02 -> 
  custom:container-demuxer-ogg: 62fdf1f143b41e24485cea50d1cbac27 -> 
  custom:video-encoder-webm-vp8: eb34c28f22e8b96e1ab97ce403110664 -> 
  custom:video-decoder-webm-vp8: 9c59270c3fd7afecdb556c50c9e8de78 -> 
  custom:audio-decoder-ogg-vorbis: bf7c407c2cedff20999df2af8eb42d56 -> 
  custom:audio-encoder-webm-vorbis: bf7c407c2cedff20999df2af8eb42d56 -> 
========================================================================
Received Import Request.
  Time since last request: 607.113928 seconds.
  path: Assets/logo-melange.c4d
  artifactKey: Guid(f296c3d9b1551e449a5ec52a3ae08ab9) Importer(815301076,1909f56bfc062723c751e8b465ee728b)
Start importing Assets/logo-melange.c4d using Guid(f296c3d9b1551e449a5ec52a3ae08ab9) Importer(815301076,1909f56bfc062723c751e8b465ee728b)  -> (artifact id: '262c9c661b000f01935de75747986ba0') in 0.023149 seconds 
  Import took 0.027370 seconds .

========================================================================
Received Import Request.
  Time since last request: 11.869655 seconds.
  path: Assets/logo-melange.c4d
  artifactKey: Guid(f296c3d9b1551e449a5ec52a3ae08ab9) Importer(815301076,1909f56bfc062723c751e8b465ee728b)
Start importing Assets/logo-melange.c4d using Guid(f296c3d9b1551e449a5ec52a3ae08ab9) Importer(815301076,1909f56bfc062723c751e8b465ee728b)  -> (artifact id: '7b9f3f322c0c6e864324894212be40a2') in 1.524299 seconds 
  Import took 1.528617 seconds .

========================================================================
Received Import Request.
  Time since last request: 219.857598 seconds.
  path: Assets/logo-melange.c4d
  artifactKey: Guid(f296c3d9b1551e449a5ec52a3ae08ab9) Importer(815301076,1909f56bfc062723c751e8b465ee728b)
Start importing Assets/logo-melange.c4d using Guid(f296c3d9b1551e449a5ec52a3ae08ab9) Importer(815301076,1909f56bfc062723c751e8b465ee728b)  -> (artifact id: 'eb16d3af96a69ad26101e6bf73110f6b') in 1.306831 seconds 
  Import took 1.311689 seconds .

========================================================================
Received Import Request.
  Time since last request: 180.236457 seconds.
  path: Assets/logo-photoshop.png
  artifactKey: Guid(dab08bae4aa190e48965e2ba8a706e7b) Importer(815301076,1909f56bfc062723c751e8b465ee728b)
Start importing Assets/logo-photoshop.png using Guid(dab08bae4aa190e48965e2ba8a706e7b) Importer(815301076,1909f56bfc062723c751e8b465ee728b)  -> (artifact id: '62b07a8c46f622f367c7580b6697f202') in 0.016349 seconds 
  Import took 0.018903 seconds .

========================================================================
Received Import Request.
  Time since last request: 0.041302 seconds.
  path: Assets/logo-photoshop.png
  artifactKey: Guid(dab08bae4aa190e48965e2ba8a706e7b) Importer(815301076,1909f56bfc062723c751e8b465ee728b)
Start importing Assets/logo-photoshop.png using Guid(dab08bae4aa190e48965e2ba8a706e7b) Importer(815301076,1909f56bfc062723c751e8b465ee728b)  -> (artifact id: '62b07a8c46f622f367c7580b6697f202') in 0.007781 seconds 
  Import took 0.010283 seconds .

========================================================================
Received Import Request.
  Time since last request: 18.649756 seconds.
  path: Assets/logo-photoshop.png
  artifactKey: Guid(dab08bae4aa190e48965e2ba8a706e7b) Importer(815301076,1909f56bfc062723c751e8b465ee728b)
Start importing Assets/logo-photoshop.png using Guid(dab08bae4aa190e48965e2ba8a706e7b) Importer(815301076,1909f56bfc062723c751e8b465ee728b)  -> (artifact id: '54e14118dcf5f2048b1a1a3366b8d4db') in 0.035841 seconds 
  Import took 0.038726 seconds .

========================================================================
Received Prepare
Registering precompiled user dll's ...
Registered in 0.008956 seconds.
Begin MonoManager ReloadAssembly
Native extension for WindowsStandalone target not found
Refreshing native plugins compatible for Editor in 0.42 ms, found 5 plugins.
Preloading 0 native plugins for Editor in 0.00 ms.
Mono: successfully reloaded assembly
- Completed reload, in  1.254 seconds
Domain Reload Profiling:
	ReloadAssembly (1255ms)
		BeginReloadAssembly (139ms)
			ExecutionOrderSort (0ms)
			DisableScriptedObjects (5ms)
			BackupInstance (0ms)
			ReleaseScriptingObjects (0ms)
			CreateAndSetChildDomain (40ms)
		EndReloadAssembly (1038ms)
			LoadAssemblies (120ms)
			RebuildTransferFunctionScriptingTraits (0ms)
			SetupTypeCache (326ms)
			ReleaseScriptCaches (1ms)
			RebuildScriptCaches (44ms)
			SetupLoadedEditorAssemblies (434ms)
				LogAssemblyErrors (0ms)
				InitializePlatformSupportModulesInManaged (7ms)
				SetLoadedEditorAssemblies (1ms)
				RefreshPlugins (1ms)
				BeforeProcessingInitializeOnLoad (205ms)
				ProcessInitializeOnLoadAttributes (206ms)
				ProcessInitializeOnLoadMethodAttributes (5ms)
				AfterProcessingInitializeOnLoad (9ms)
				EditorAssembliesLoaded (0ms)
			ExecutionOrderSort2 (0ms)
			AwakeInstancesAfterBackupRestoration (7ms)
Platform modules already initialized, skipping
Refreshing native plugins compatible for Editor in 0.49 ms, found 5 plugins.
Preloading 0 native plugins for Editor in 0.00 ms.
Unloading 1438 Unused Serialized files (Serialized files now loaded: 0)
System memory in use before: 71.7 MB.
System memory in use after: 71.8 MB.

Unloading 20 unused Assets to reduce memory usage. Loaded Objects now: 1922.
Total: 2.742000 ms (FindLiveObjects: 0.541100 ms CreateObjectMapping: 0.086100 ms MarkObjects: 2.032300 ms  DeleteObjects: 0.079600 ms)

AssetImportParameters requested are different than current active one (requested -> active):
  custom:framework-win-MediaFoundation: 216162199b28c13a410421893ffa2e32 -> 
  custom:video-decoder-ogg-theora: a1e56fd34408186e4bbccfd4996cb3dc -> 
  custom:container-muxer-webm: aa71ff27fc2769a1b78a27578f13a17b -> 
  custom:container-demuxer-webm: 4f35f7cbe854078d1ac9338744f61a02 -> 
  custom:container-demuxer-ogg: 62fdf1f143b41e24485cea50d1cbac27 -> 
  custom:video-encoder-webm-vp8: eb34c28f22e8b96e1ab97ce403110664 -> 
  custom:video-decoder-webm-vp8: 9c59270c3fd7afecdb556c50c9e8de78 -> 
  custom:audio-decoder-ogg-vorbis: bf7c407c2cedff20999df2af8eb42d56 -> 
  custom:audio-encoder-webm-vorbis: bf7c407c2cedff20999df2af8eb42d56 -> 
========================================================================
Received Prepare
Registering precompiled user dll's ...
Registered in 0.010831 seconds.
Begin MonoManager ReloadAssembly
Native extension for WindowsStandalone target not found
Refreshing native plugins compatible for Editor in 0.68 ms, found 5 plugins.
Preloading 0 native plugins for Editor in 0.00 ms.
Mono: successfully reloaded assembly
- Completed reload, in  1.320 seconds
Domain Reload Profiling:
	ReloadAssembly (1327ms)
		BeginReloadAssembly (255ms)
			ExecutionOrderSort (0ms)
			DisableScriptedObjects (20ms)
			BackupInstance (0ms)
			ReleaseScriptingObjects (0ms)
			CreateAndSetChildDomain (101ms)
		EndReloadAssembly (975ms)
			LoadAssemblies (148ms)
			RebuildTransferFunctionScriptingTraits (0ms)
			SetupTypeCache (346ms)
			ReleaseScriptCaches (1ms)
			RebuildScriptCaches (42ms)
			SetupLoadedEditorAssemblies (339ms)
				LogAssemblyErrors (0ms)
				InitializePlatformSupportModulesInManaged (7ms)
				SetLoadedEditorAssemblies (1ms)
				RefreshPlugins (1ms)
				BeforeProcessingInitializeOnLoad (113ms)
				ProcessInitializeOnLoadAttributes (202ms)
				ProcessInitializeOnLoadMethodAttributes (4ms)
				AfterProcessingInitializeOnLoad (10ms)
				EditorAssembliesLoaded (0ms)
			ExecutionOrderSort2 (0ms)
			AwakeInstancesAfterBackupRestoration (8ms)
Platform modules already initialized, skipping
Refreshing native plugins compatible for Editor in 0.43 ms, found 5 plugins.
Preloading 0 native plugins for Editor in 0.00 ms.
Unloading 1438 Unused Serialized files (Serialized files now loaded: 0)
System memory in use before: 71.7 MB.
System memory in use after: 71.8 MB.

Unloading 20 unused Assets to reduce memory usage. Loaded Objects now: 1925.
Total: 2.163400 ms (FindLiveObjects: 0.186100 ms CreateObjectMapping: 0.044900 ms MarkObjects: 1.819600 ms  DeleteObjects: 0.111400 ms)

AssetImportParameters requested are different than current active one (requested -> active):
  custom:framework-win-MediaFoundation: 216162199b28c13a410421893ffa2e32 -> 
  custom:video-decoder-ogg-theora: a1e56fd34408186e4bbccfd4996cb3dc -> 
  custom:container-muxer-webm: aa71ff27fc2769a1b78a27578f13a17b -> 
  custom:container-demuxer-webm: 4f35f7cbe854078d1ac9338744f61a02 -> 
  custom:container-demuxer-ogg: 62fdf1f143b41e24485cea50d1cbac27 -> 
  custom:video-encoder-webm-vp8: eb34c28f22e8b96e1ab97ce403110664 -> 
  custom:video-decoder-webm-vp8: 9c59270c3fd7afecdb556c50c9e8de78 -> 
  custom:audio-decoder-ogg-vorbis: bf7c407c2cedff20999df2af8eb42d56 -> 
  custom:audio-encoder-webm-vorbis: bf7c407c2cedff20999df2af8eb42d56 -> 
========================================================================
Received Prepare
Registering precompiled user dll's ...
Registered in 0.009851 seconds.
Begin MonoManager ReloadAssembly
Native extension for WindowsStandalone target not found
Refreshing native plugins compatible for Editor in 0.39 ms, found 5 plugins.
Preloading 0 native plugins for Editor in 0.00 ms.
Mono: successfully reloaded assembly
- Completed reload, in  1.159 seconds
Domain Reload Profiling:
	ReloadAssembly (1160ms)
		BeginReloadAssembly (154ms)
			ExecutionOrderSort (0ms)
			DisableScriptedObjects (5ms)
			BackupInstance (0ms)
			ReleaseScriptingObjects (0ms)
			CreateAndSetChildDomain (34ms)
		EndReloadAssembly (911ms)
			LoadAssemblies (135ms)
			RebuildTransferFunctionScriptingTraits (0ms)
			SetupTypeCache (311ms)
			ReleaseScriptCaches (1ms)
			RebuildScriptCaches (49ms)
			SetupLoadedEditorAssemblies (320ms)
				LogAssemblyErrors (0ms)
				InitializePlatformSupportModulesInManaged (7ms)
				SetLoadedEditorAssemblies (0ms)
				RefreshPlugins (1ms)
				BeforeProcessingInitializeOnLoad (106ms)
				ProcessInitializeOnLoadAttributes (190ms)
				ProcessInitializeOnLoadMethodAttributes (5ms)
				AfterProcessingInitializeOnLoad (11ms)
				EditorAssembliesLoaded (0ms)
			ExecutionOrderSort2 (0ms)
			AwakeInstancesAfterBackupRestoration (9ms)
Platform modules already initialized, skipping
Refreshing native plugins compatible for Editor in 1.16 ms, found 5 plugins.
Preloading 0 native plugins for Editor in 0.00 ms.
Unloading 1438 Unused Serialized files (Serialized files now loaded: 0)
System memory in use before: 71.7 MB.
System memory in use after: 71.8 MB.

Unloading 20 unused Assets to reduce memory usage. Loaded Objects now: 1928.
Total: 2.399400 ms (FindLiveObjects: 0.180000 ms CreateObjectMapping: 0.054000 ms MarkObjects: 2.105500 ms  DeleteObjects: 0.058300 ms)

AssetImportParameters requested are different than current active one (requested -> active):
  custom:framework-win-MediaFoundation: 216162199b28c13a410421893ffa2e32 -> 
  custom:video-decoder-ogg-theora: a1e56fd34408186e4bbccfd4996cb3dc -> 
  custom:container-muxer-webm: aa71ff27fc2769a1b78a27578f13a17b -> 
  custom:container-demuxer-webm: 4f35f7cbe854078d1ac9338744f61a02 -> 
  custom:container-demuxer-ogg: 62fdf1f143b41e24485cea50d1cbac27 -> 
  custom:video-encoder-webm-vp8: eb34c28f22e8b96e1ab97ce403110664 -> 
  custom:video-decoder-webm-vp8: 9c59270c3fd7afecdb556c50c9e8de78 -> 
  custom:audio-decoder-ogg-vorbis: bf7c407c2cedff20999df2af8eb42d56 -> 
  custom:audio-encoder-webm-vorbis: bf7c407c2cedff20999df2af8eb42d56 -> 
========================================================================
Received Import Request.
  Time since last request: 3919.207426 seconds.
  path: Assets/images/wg_tv_patterns.jpg
  artifactKey: Guid(8efccbacdaeacf5438804931d2e1e9ee) Importer(815301076,1909f56bfc062723c751e8b465ee728b)
Start importing Assets/images/wg_tv_patterns.jpg using Guid(8efccbacdaeacf5438804931d2e1e9ee) Importer(815301076,1909f56bfc062723c751e8b465ee728b)  -> (artifact id: '686049e83fda122aef8a2af2af6ecb02') in 0.336872 seconds 
  Import took 0.383377 seconds .

========================================================================
Received Import Request.
  Time since last request: 7.286550 seconds.
  path: Assets/images/wg_tv_patterns.jpg
  artifactKey: Guid(8efccbacdaeacf5438804931d2e1e9ee) Importer(815301076,1909f56bfc062723c751e8b465ee728b)
Start importing Assets/images/wg_tv_patterns.jpg using Guid(8efccbacdaeacf5438804931d2e1e9ee) Importer(815301076,1909f56bfc062723c751e8b465ee728b)  -> (artifact id: '0d0201d01614ce3283f9e01aa5e542e4') in 0.051688 seconds 
  Import took 0.083589 seconds .

AssetImportWorkerClient::OnTransportError - code=2 error=End of file
